<?xml version="1.0" encoding="UTF-8"?>
<testsuite name="com.example.appDemo.AppDemoApplicationTests" tests="4" skipped="0" failures="0" errors="0" timestamp="2017-09-08T08:24:20" hostname="P28366.local" time="0.971">
  <properties/>
  <testcase name="testUpdatePersonById" classname="com.example.appDemo.AppDemoApplicationTests" time="0.366"/>
  <testcase name="testFindAll" classname="com.example.appDemo.AppDemoApplicationTests" time="0.254"/>
  <testcase name="testFindOne" classname="com.example.appDemo.AppDemoApplicationTests" time="0.291"/>
  <testcase name="testCreateNewPerson" classname="com.example.appDemo.AppDemoApplicationTests" time="0.054"/>
  <system-out><![CDATA[2017-09-08 17:24:08 [Test worker] INFO  o.s.b.t.c.SpringBootTestContextBootstrapper - Neither @ContextConfiguration nor @ContextHierarchy found for test class [com.example.appDemo.AppDemoApplicationTests], using SpringBootContextLoader
2017-09-08 17:24:08 [Test worker] INFO  o.s.t.c.s.AbstractContextLoader - Could not detect default resource locations for test class [com.example.appDemo.AppDemoApplicationTests]: no resource found for suffixes {-context.xml, Context.groovy}.
2017-09-08 17:24:08 [Test worker] INFO  o.s.t.c.s.AnnotationConfigContextLoaderUtils - Could not detect default configuration classes for test class [com.example.appDemo.AppDemoApplicationTests]: AppDemoApplicationTests does not declare any static, non-private, non-final, nested classes annotated with @Configuration.
2017-09-08 17:24:08 [Test worker] INFO  o.s.b.t.c.SpringBootTestContextBootstrapper - Found @SpringBootConfiguration com.example.appDemo.AppDemoApplication for test class com.example.appDemo.AppDemoApplicationTests
2017-09-08 17:24:08 [Test worker] INFO  o.s.b.t.c.SpringBootTestContextBootstrapper - Loaded default TestExecutionListener class names from location [META-INF/spring.factories]: [org.springframework.boot.test.mock.mockito.MockitoTestExecutionListener, org.springframework.boot.test.mock.mockito.ResetMocksTestExecutionListener, org.springframework.boot.test.autoconfigure.restdocs.RestDocsTestExecutionListener, org.springframework.boot.test.autoconfigure.web.client.MockRestServiceServerResetTestExecutionListener, org.springframework.boot.test.autoconfigure.web.servlet.MockMvcPrintOnlyOnFailureTestExecutionListener, org.springframework.boot.test.autoconfigure.web.servlet.WebDriverTestExecutionListener, org.springframework.test.context.web.ServletTestExecutionListener, org.springframework.test.context.support.DirtiesContextBeforeModesTestExecutionListener, org.springframework.test.context.support.DependencyInjectionTestExecutionListener, org.springframework.test.context.support.DirtiesContextTestExecutionListener, org.springframework.test.context.transaction.TransactionalTestExecutionListener, org.springframework.test.context.jdbc.SqlScriptsTestExecutionListener]
2017-09-08 17:24:08 [Test worker] INFO  o.s.b.t.c.SpringBootTestContextBootstrapper - Using TestExecutionListeners: [org.springframework.test.context.web.ServletTestExecutionListener@525b5cd3, org.springframework.test.context.support.DirtiesContextBeforeModesTestExecutionListener@2daaafc1, org.springframework.boot.test.autoconfigure.SpringBootDependencyInjectionTestExecutionListener@57c6489f, org.springframework.test.context.support.DirtiesContextTestExecutionListener@282e8605, org.springframework.test.context.transaction.TransactionalTestExecutionListener@209bea17, org.springframework.test.context.jdbc.SqlScriptsTestExecutionListener@58378d62, org.springframework.boot.test.mock.mockito.ResetMocksTestExecutionListener@3dd0a44b, org.springframework.boot.test.autoconfigure.web.servlet.WebDriverTestExecutionListener@6112035a, org.springframework.boot.test.mock.mockito.MockitoTestExecutionListener@1ea6963d, org.springframework.boot.test.autoconfigure.restdocs.RestDocsTestExecutionListener@7a9e5416, org.springframework.boot.test.autoconfigure.web.servlet.MockMvcPrintOnlyOnFailureTestExecutionListener@425455f2, org.springframework.boot.test.autoconfigure.web.client.MockRestServiceServerResetTestExecutionListener@33ad8631]

  .   ____          _            __ _ _
 /\\ / ___'_ __ _ _(_)_ __  __ _ \ \ \ \
( ( )\___ | '_ | '_| | '_ \/ _` | \ \ \ \
 \\/  ___)| |_)| | | | | || (_| |  ) ) ) )
  '  |____| .__|_| |_|_| |_\__, | / / / /
 =========|_|==============|___/=/_/_/_/
 :: Spring Boot ::        (v1.5.6.RELEASE)

2017-09-08 17:24:09 [Test worker] INFO  c.e.appDemo.AppDemoApplicationTests - Starting AppDemoApplicationTests on P28366.local with PID 74568 (started by xu.yin in /Users/xu.yin/repos/selflearning/appDemo)
2017-09-08 17:24:09 [Test worker] INFO  c.e.appDemo.AppDemoApplicationTests - No active profile set, falling back to default profiles: default
2017-09-08 17:24:10 [Test worker] INFO  o.s.w.c.s.GenericWebApplicationContext - Refreshing org.springframework.web.context.support.GenericWebApplicationContext@5c7e49a3: startup date [Fri Sep 08 17:24:10 JST 2017]; root of context hierarchy
2017-09-08 17:24:10 [background-preinit] INFO  o.h.validator.internal.util.Version - HV000001: Hibernate Validator 5.3.5.Final
2017-09-08 17:24:15 [Test worker] INFO  o.s.o.j.LocalContainerEntityManagerFactoryBean - Building JPA container EntityManagerFactory for persistence unit 'default'
2017-09-08 17:24:15 [Test worker] INFO  o.h.jpa.internal.util.LogHelper - HHH000204: Processing PersistenceUnitInfo [
	name: default
	...]
2017-09-08 17:24:15 [Test worker] INFO  org.hibernate.Version - HHH000412: Hibernate Core {5.0.12.Final}
2017-09-08 17:24:15 [Test worker] INFO  org.hibernate.cfg.Environment - HHH000206: hibernate.properties not found
2017-09-08 17:24:15 [Test worker] INFO  org.hibernate.cfg.Environment - HHH000021: Bytecode provider name : javassist
2017-09-08 17:24:15 [Test worker] INFO  o.h.annotations.common.Version - HCANN000001: Hibernate Commons Annotations {5.0.1.Final}
2017-09-08 17:24:15 [Test worker] INFO  org.hibernate.dialect.Dialect - HHH000400: Using dialect: org.hibernate.dialect.H2Dialect
2017-09-08 17:24:16 [Test worker] INFO  o.h.tool.hbm2ddl.SchemaExport - HHH000227: Running hbm2ddl schema export
2017-09-08 17:24:16 [Test worker] INFO  o.h.tool.hbm2ddl.SchemaExport - HHH000230: Schema export complete
2017-09-08 17:24:16 [Test worker] INFO  o.s.o.j.LocalContainerEntityManagerFactoryBean - Initialized JPA EntityManagerFactory for persistence unit 'default'
2017-09-08 17:24:18 [Test worker] INFO  o.s.w.s.m.m.a.RequestMappingHandlerAdapter - Looking for @ControllerAdvice: org.springframework.web.context.support.GenericWebApplicationContext@5c7e49a3: startup date [Fri Sep 08 17:24:10 JST 2017]; root of context hierarchy
2017-09-08 17:24:18 [Test worker] INFO  o.s.w.s.m.m.a.RequestMappingHandlerMapping - Mapped "{[/api/people/id/{id}],methods=[PUT]}" onto public com.example.appDemo.model.Person com.example.appDemo.controller.api.PersonController.update(java.lang.Long,com.example.appDemo.model.Person)
2017-09-08 17:24:18 [Test worker] INFO  o.s.w.s.m.m.a.RequestMappingHandlerMapping - Mapped "{[/api/people],methods=[POST]}" onto public com.example.appDemo.model.Person com.example.appDemo.controller.api.PersonController.create(com.example.appDemo.model.Person)
2017-09-08 17:24:18 [Test worker] INFO  o.s.w.s.m.m.a.RequestMappingHandlerMapping - Mapped "{[/api/people],methods=[GET]}" onto public java.util.List<com.example.appDemo.model.Person> com.example.appDemo.controller.api.PersonController.findAll()
2017-09-08 17:24:18 [Test worker] INFO  o.s.w.s.m.m.a.RequestMappingHandlerMapping - Mapped "{[/api/people/test],methods=[GET]}" onto public java.lang.String com.example.appDemo.controller.api.PersonController.findOne()
2017-09-08 17:24:18 [Test worker] INFO  o.s.w.s.m.m.a.RequestMappingHandlerMapping - Mapped "{[/api/people/name/{name}],methods=[GET]}" onto public java.util.List<com.example.appDemo.model.Person> com.example.appDemo.controller.api.PersonController.findByName(java.lang.String)
2017-09-08 17:24:18 [Test worker] INFO  o.s.w.s.m.m.a.RequestMappingHandlerMapping - Mapped "{[/]}" onto public java.lang.String com.example.appDemo.controller.page.PageController.index(org.springframework.ui.Model) throws java.lang.Exception
2017-09-08 17:24:18 [Test worker] INFO  o.s.w.s.m.m.a.RequestMappingHandlerMapping - Mapped "{[/error]}" onto public org.springframework.http.ResponseEntity<java.util.Map<java.lang.String, java.lang.Object>> org.springframework.boot.autoconfigure.web.BasicErrorController.error(javax.servlet.http.HttpServletRequest)
2017-09-08 17:24:18 [Test worker] INFO  o.s.w.s.m.m.a.RequestMappingHandlerMapping - Mapped "{[/error],produces=[text/html]}" onto public org.springframework.web.servlet.ModelAndView org.springframework.boot.autoconfigure.web.BasicErrorController.errorHtml(javax.servlet.http.HttpServletRequest,javax.servlet.http.HttpServletResponse)
2017-09-08 17:24:19 [Test worker] INFO  o.s.w.s.h.SimpleUrlHandlerMapping - Mapped URL path [/webjars/**] onto handler of type [class org.springframework.web.servlet.resource.ResourceHttpRequestHandler]
2017-09-08 17:24:19 [Test worker] INFO  o.s.w.s.h.SimpleUrlHandlerMapping - Mapped URL path [/**] onto handler of type [class org.springframework.web.servlet.resource.ResourceHttpRequestHandler]
2017-09-08 17:24:19 [Test worker] INFO  o.s.w.s.m.m.a.ExceptionHandlerExceptionResolver - Detected @ExceptionHandler methods in exceptionHandlerAdvice
2017-09-08 17:24:19 [Test worker] INFO  o.s.w.s.h.SimpleUrlHandlerMapping - Mapped URL path [/**/favicon.ico] onto handler of type [class org.springframework.web.servlet.resource.ResourceHttpRequestHandler]
2017-09-08 17:24:20 [Test worker] INFO  c.e.appDemo.AppDemoApplicationTests - Started AppDemoApplicationTests in 11.569 seconds (JVM running for 13.519)
2017-09-08 17:24:20 [Test worker] INFO  o.s.t.w.s.s.StandaloneMockMvcBuilder$StaticRequestMappingHandlerMapping - Mapped "{[/api/people/id/{id}],methods=[PUT]}" onto public com.example.appDemo.model.Person com.example.appDemo.controller.api.PersonController.update(java.lang.Long,com.example.appDemo.model.Person)
2017-09-08 17:24:20 [Test worker] INFO  o.s.t.w.s.s.StandaloneMockMvcBuilder$StaticRequestMappingHandlerMapping - Mapped "{[/api/people],methods=[POST]}" onto public com.example.appDemo.model.Person com.example.appDemo.controller.api.PersonController.create(com.example.appDemo.model.Person)
2017-09-08 17:24:20 [Test worker] INFO  o.s.t.w.s.s.StandaloneMockMvcBuilder$StaticRequestMappingHandlerMapping - Mapped "{[/api/people],methods=[GET]}" onto public java.util.List<com.example.appDemo.model.Person> com.example.appDemo.controller.api.PersonController.findAll()
2017-09-08 17:24:20 [Test worker] INFO  o.s.t.w.s.s.StandaloneMockMvcBuilder$StaticRequestMappingHandlerMapping - Mapped "{[/api/people/test],methods=[GET]}" onto public java.lang.String com.example.appDemo.controller.api.PersonController.findOne()
2017-09-08 17:24:20 [Test worker] INFO  o.s.t.w.s.s.StandaloneMockMvcBuilder$StaticRequestMappingHandlerMapping - Mapped "{[/api/people/name/{name}],methods=[GET]}" onto public java.util.List<com.example.appDemo.model.Person> com.example.appDemo.controller.api.PersonController.findByName(java.lang.String)
2017-09-08 17:24:20 [Test worker] INFO  o.s.w.s.m.m.a.RequestMappingHandlerAdapter - Looking for @ControllerAdvice: org.springframework.test.web.servlet.setup.StubWebApplicationContext@526f4a74
2017-09-08 17:24:20 [Test worker] INFO  o.s.mock.web.MockServletContext - Initializing Spring FrameworkServlet ''
2017-09-08 17:24:20 [Test worker] INFO  o.s.t.w.s.TestDispatcherServlet - FrameworkServlet '': initialization started
2017-09-08 17:24:20 [Test worker] INFO  o.s.t.w.s.TestDispatcherServlet - FrameworkServlet '': initialization completed in 1 ms
2017-09-08 17:24:20 [Test worker] INFO  c.e.appDemo.advice.AccessLogAdvice - before method:public com.example.appDemo.model.Person com.example.appDemo.controller.api.PersonController.update(java.lang.Long,com.example.appDemo.model.Person),
2017-09-08 17:24:20 [Test worker] INFO  c.e.appDemo.advice.AccessLogAdvice - after method:PersonController.update(..)
2017-09-08 17:24:20 [Test worker] INFO  o.s.t.w.s.s.StandaloneMockMvcBuilder$StaticRequestMappingHandlerMapping - Mapped "{[/api/people/id/{id}],methods=[PUT]}" onto public com.example.appDemo.model.Person com.example.appDemo.controller.api.PersonController.update(java.lang.Long,com.example.appDemo.model.Person)
2017-09-08 17:24:20 [Test worker] INFO  o.s.t.w.s.s.StandaloneMockMvcBuilder$StaticRequestMappingHandlerMapping - Mapped "{[/api/people],methods=[POST]}" onto public com.example.appDemo.model.Person com.example.appDemo.controller.api.PersonController.create(com.example.appDemo.model.Person)
2017-09-08 17:24:20 [Test worker] INFO  o.s.t.w.s.s.StandaloneMockMvcBuilder$StaticRequestMappingHandlerMapping - Mapped "{[/api/people],methods=[GET]}" onto public java.util.List<com.example.appDemo.model.Person> com.example.appDemo.controller.api.PersonController.findAll()
2017-09-08 17:24:20 [Test worker] INFO  o.s.t.w.s.s.StandaloneMockMvcBuilder$StaticRequestMappingHandlerMapping - Mapped "{[/api/people/test],methods=[GET]}" onto public java.lang.String com.example.appDemo.controller.api.PersonController.findOne()
2017-09-08 17:24:20 [Test worker] INFO  o.s.t.w.s.s.StandaloneMockMvcBuilder$StaticRequestMappingHandlerMapping - Mapped "{[/api/people/name/{name}],methods=[GET]}" onto public java.util.List<com.example.appDemo.model.Person> com.example.appDemo.controller.api.PersonController.findByName(java.lang.String)
2017-09-08 17:24:20 [Test worker] INFO  o.s.w.s.m.m.a.RequestMappingHandlerAdapter - Looking for @ControllerAdvice: org.springframework.test.web.servlet.setup.StubWebApplicationContext@68df4cb1
2017-09-08 17:24:20 [Test worker] INFO  o.s.mock.web.MockServletContext - Initializing Spring FrameworkServlet ''
2017-09-08 17:24:20 [Test worker] INFO  o.s.t.w.s.TestDispatcherServlet - FrameworkServlet '': initialization started
2017-09-08 17:24:20 [Test worker] INFO  o.s.t.w.s.TestDispatcherServlet - FrameworkServlet '': initialization completed in 1 ms
2017-09-08 17:24:20 [Test worker] INFO  c.e.appDemo.advice.AccessLogAdvice - before method:public java.util.List com.example.appDemo.controller.api.PersonController.findAll(),
2017-09-08 17:24:20 [Test worker] INFO  o.h.h.i.QueryTranslatorFactoryInitiator - HHH000397: Using ASTQueryTranslatorFactory
2017-09-08 17:24:21 [Test worker] INFO  c.e.appDemo.advice.AccessLogAdvice - after method:PersonController.findAll()
2017-09-08 17:24:21 [Test worker] INFO  o.s.t.w.s.s.StandaloneMockMvcBuilder$StaticRequestMappingHandlerMapping - Mapped "{[/api/people/id/{id}],methods=[PUT]}" onto public com.example.appDemo.model.Person com.example.appDemo.controller.api.PersonController.update(java.lang.Long,com.example.appDemo.model.Person)
2017-09-08 17:24:21 [Test worker] INFO  o.s.t.w.s.s.StandaloneMockMvcBuilder$StaticRequestMappingHandlerMapping - Mapped "{[/api/people],methods=[POST]}" onto public com.example.appDemo.model.Person com.example.appDemo.controller.api.PersonController.create(com.example.appDemo.model.Person)
2017-09-08 17:24:21 [Test worker] INFO  o.s.t.w.s.s.StandaloneMockMvcBuilder$StaticRequestMappingHandlerMapping - Mapped "{[/api/people],methods=[GET]}" onto public java.util.List<com.example.appDemo.model.Person> com.example.appDemo.controller.api.PersonController.findAll()
2017-09-08 17:24:21 [Test worker] INFO  o.s.t.w.s.s.StandaloneMockMvcBuilder$StaticRequestMappingHandlerMapping - Mapped "{[/api/people/test],methods=[GET]}" onto public java.lang.String com.example.appDemo.controller.api.PersonController.findOne()
2017-09-08 17:24:21 [Test worker] INFO  o.s.t.w.s.s.StandaloneMockMvcBuilder$StaticRequestMappingHandlerMapping - Mapped "{[/api/people/name/{name}],methods=[GET]}" onto public java.util.List<com.example.appDemo.model.Person> com.example.appDemo.controller.api.PersonController.findByName(java.lang.String)
2017-09-08 17:24:21 [Test worker] INFO  o.s.w.s.m.m.a.RequestMappingHandlerAdapter - Looking for @ControllerAdvice: org.springframework.test.web.servlet.setup.StubWebApplicationContext@238673b9
2017-09-08 17:24:21 [Test worker] INFO  o.s.mock.web.MockServletContext - Initializing Spring FrameworkServlet ''
2017-09-08 17:24:21 [Test worker] INFO  o.s.t.w.s.TestDispatcherServlet - FrameworkServlet '': initialization started
2017-09-08 17:24:21 [Test worker] INFO  o.s.t.w.s.TestDispatcherServlet - FrameworkServlet '': initialization completed in 0 ms
2017-09-08 17:24:21 [Test worker] INFO  c.e.appDemo.advice.AccessLogAdvice - before method:public java.util.List com.example.appDemo.controller.api.PersonController.findByName(java.lang.String),
2017-09-08 17:24:21 [Test worker] INFO  c.e.appDemo.advice.AccessLogAdvice - after method:PersonController.findByName(..)
2017-09-08 17:24:21 [Test worker] INFO  o.s.t.w.s.s.StandaloneMockMvcBuilder$StaticRequestMappingHandlerMapping - Mapped "{[/api/people/id/{id}],methods=[PUT]}" onto public com.example.appDemo.model.Person com.example.appDemo.controller.api.PersonController.update(java.lang.Long,com.example.appDemo.model.Person)
2017-09-08 17:24:21 [Test worker] INFO  o.s.t.w.s.s.StandaloneMockMvcBuilder$StaticRequestMappingHandlerMapping - Mapped "{[/api/people],methods=[POST]}" onto public com.example.appDemo.model.Person com.example.appDemo.controller.api.PersonController.create(com.example.appDemo.model.Person)
2017-09-08 17:24:21 [Test worker] INFO  o.s.t.w.s.s.StandaloneMockMvcBuilder$StaticRequestMappingHandlerMapping - Mapped "{[/api/people],methods=[GET]}" onto public java.util.List<com.example.appDemo.model.Person> com.example.appDemo.controller.api.PersonController.findAll()
2017-09-08 17:24:21 [Test worker] INFO  o.s.t.w.s.s.StandaloneMockMvcBuilder$StaticRequestMappingHandlerMapping - Mapped "{[/api/people/test],methods=[GET]}" onto public java.lang.String com.example.appDemo.controller.api.PersonController.findOne()
2017-09-08 17:24:21 [Test worker] INFO  o.s.t.w.s.s.StandaloneMockMvcBuilder$StaticRequestMappingHandlerMapping - Mapped "{[/api/people/name/{name}],methods=[GET]}" onto public java.util.List<com.example.appDemo.model.Person> com.example.appDemo.controller.api.PersonController.findByName(java.lang.String)
2017-09-08 17:24:21 [Test worker] INFO  o.s.w.s.m.m.a.RequestMappingHandlerAdapter - Looking for @ControllerAdvice: org.springframework.test.web.servlet.setup.StubWebApplicationContext@6cc65f19
2017-09-08 17:24:21 [Test worker] INFO  o.s.mock.web.MockServletContext - Initializing Spring FrameworkServlet ''
2017-09-08 17:24:21 [Test worker] INFO  o.s.t.w.s.TestDispatcherServlet - FrameworkServlet '': initialization started
2017-09-08 17:24:21 [Test worker] INFO  o.s.t.w.s.TestDispatcherServlet - FrameworkServlet '': initialization completed in 0 ms
{
  "id" : null,
  "name" : "New",
  "age" : 88
}
2017-09-08 17:24:21 [Test worker] INFO  c.e.appDemo.advice.AccessLogAdvice - before method:public com.example.appDemo.model.Person com.example.appDemo.controller.api.PersonController.create(com.example.appDemo.model.Person),
2017-09-08 17:24:21 [Test worker] INFO  c.e.appDemo.advice.AccessLogAdvice - after method:PersonController.create(..)
]]></system-out>
  <system-err><![CDATA[]]></system-err>
</testsuite>
